<?xml version="1.0" encoding="UTF-8"?>
<!-- Generated by org.testng.reporters.JUnitReportReporter -->
<testsuite hostname="TYSS-Praveen" failures="0" tests="5" name="testng_basics.InvocationCount1" time="0.010" errors="0" timestamp="2023-06-09T12:54:26 IST" skipped="0">
  <testcase classname="testng_basics.InvocationCount1" name="searchTest" time="0.001"/>
  <system-out/>
  <testcase classname="testng_basics.InvocationCount1" name="searchTest" time="0.001"/>
  <system-out/>
  <testcase classname="testng_basics.InvocationCount1" name="searchTest" time="0.001"/>
  <system-out/>
  <testcase classname="testng_basics.InvocationCount1" name="searchTest" time="0.002"/>
  <system-out/>
  <testcase classname="testng_basics.InvocationCount1" name="searchTest" time="0.005"/>
  <system-out/>
</testsuite> <!-- testng_basics.InvocationCount1 -->
