<?xml version="1.0" encoding="UTF-8"?>
<!-- Generated by org.testng.reporters.JUnitReportReporter -->
<testsuite hostname="TYSS-Praveen" failures="0" tests="3" name="testng_basics.InvocationCount2" time="22.335" errors="0" timestamp="2023-06-01T11:03:29 IST" skipped="0">
  <testcase classname="testng_basics.InvocationCount2" name="openCloseDWS" time="6.151"/>
  <system-out/>
  <testcase classname="testng_basics.InvocationCount2" name="openCloseDWS" time="11.644"/>
  <system-out/>
  <testcase classname="testng_basics.InvocationCount2" name="openCloseDWS" time="4.540"/>
  <system-out/>
</testsuite> <!-- testng_basics.InvocationCount2 -->
