<?xml version="1.0" encoding="UTF-8"?>
<!-- Generated by org.testng.reporters.JUnitReportReporter -->
<testsuite hostname="TYSS-Praveen" failures="0" tests="3" name="testng_basics.DWS_OrderofExecution3" time="0.007" errors="0" timestamp="2023-06-01T10:43:05 IST" skipped="0">
  <testcase classname="testng_basics.DWS_OrderofExecution3" name="loginTest" time="0.001"/>
  <system-out/>
  <testcase classname="testng_basics.DWS_OrderofExecution3" name="registerTest" time="0.005"/>
  <system-out/>
  <testcase classname="testng_basics.DWS_OrderofExecution3" name="searchTest" time="0.001"/>
  <system-out/>
</testsuite> <!-- testng_basics.DWS_OrderofExecution3 -->
