<?xml version="1.0" encoding="UTF-8"?>
<!-- Generated by org.testng.reporters.JUnitReportReporter -->
<testsuite hostname="TYSS-Praveen" failures="0" tests="1" name="testng_basics.LearningSoftAssert1" time="4.183" errors="0" timestamp="2023-06-12T11:32:39 IST" skipped="0">
  <testcase classname="testng_basics.LearningSoftAssert1" name="demoHardAssert" time="4.183"/>
  <system-out/>
</testsuite> <!-- testng_basics.LearningSoftAssert1 -->
