<?xml version="1.0" encoding="UTF-8"?>
<!-- Generated by org.testng.reporters.JUnitReportReporter -->
<testsuite hostname="TYSS-Praveen" failures="0" tests="3" name="testcases.DWS_Books_DisplayTC" time="3.508" errors="0" timestamp="2023-06-15T17:00:28 IST" skipped="0">
  <testcase classname="testcases.DWS_Books_DisplayTC" name="books" time="1.723"/>
  <system-out/>
  <testcase classname="testcases.DWS_Books_DisplayTC" name="books" time="1.182"/>
  <system-out/>
  <testcase classname="testcases.DWS_Books_DisplayTC" name="books" time="0.603"/>
  <system-out/>
</testsuite> <!-- testcases.DWS_Books_DisplayTC -->
