<?xml version="1.0" encoding="UTF-8"?>
<!-- Generated by org.testng.reporters.JUnitReportReporter -->
<testsuite hostname="TYSS-Praveen" failures="0" tests="1" name="testng_basics.LearningScreenShot" time="4.376" errors="0" timestamp="2023-06-12T12:02:22 IST" skipped="0">
  <testcase classname="testng_basics.LearningScreenShot" name="demoScreenShot" time="4.376"/>
  <system-out/>
</testsuite> <!-- testng_basics.LearningScreenShot -->
