<?xml version="1.0" encoding="UTF-8"?>
<!-- Generated by org.testng.reporters.JUnitReportReporter -->
<testsuite hostname="TYSS-Praveen" failures="0" tests="1" name="testng_basics.Parameters2" time="6.285" errors="0" timestamp="2023-06-02T12:49:08 IST" skipped="0">
  <testcase classname="testng_basics.Parameters2" name="multipleParamDemo" time="6.285"/>
  <system-out/>
</testsuite> <!-- testng_basics.Parameters2 -->
