<?xml version="1.0" encoding="UTF-8"?>
<!-- Generated by org.testng.reporters.JUnitReportReporter -->
<testsuite hostname="TYSS-Praveen" failures="0" tests="2" name="zmypractice.Practice2" time="0.002" errors="0" timestamp="2023-06-07T12:16:59 IST" skipped="0">
  <testcase classname="zmypractice.Practice2" name="test4" time="0.001"/>
  <system-out>
    <![CDATA[test4]]>
  </system-out>
  <testcase classname="zmypractice.Practice2" name="test3" time="0.001"/>
  <system-out>
    <![CDATA[test3]]>
  </system-out>
</testsuite> <!-- zmypractice.Practice2 -->
