<?xml version="1.0" encoding="UTF-8"?>
<!-- Generated by org.testng.reporters.JUnitReportReporter -->
<testsuite hostname="TYSS-Praveen" failures="0" tests="2" name="testng_basics.DataProviderDemo" time="10.137" errors="0" timestamp="2023-06-14T15:04:23 IST" skipped="0">
  <testcase classname="testng_basics.DataProviderDemo" name="dataDemo" time="5.054"/>
  <system-out/>
  <testcase classname="testng_basics.DataProviderDemo" name="dataDemo" time="5.083"/>
  <system-out/>
</testsuite> <!-- testng_basics.DataProviderDemo -->
