<?xml version="1.0" encoding="UTF-8"?>
<!-- Generated by org.testng.reporters.JUnitReportReporter -->
<testsuite hostname="TYSS-Praveen" failures="0" tests="3" name="testng_basics.TestNGDemo1" time="0.007" errors="0" timestamp="2023-05-30T11:55:46 IST" skipped="0">
  <testcase classname="testng_basics.TestNGDemo1" name="demo1" time="0.005"/>
  <system-out/>
  <testcase classname="testng_basics.TestNGDemo1" name="demo3" time="0.001"/>
  <system-out/>
  <testcase classname="testng_basics.TestNGDemo1" name="demo2" time="0.001"/>
  <system-out/>
</testsuite> <!-- testng_basics.TestNGDemo1 -->
