<?xml version="1.0" encoding="UTF-8"?>
<!-- Generated by org.testng.reporters.JUnitReportReporter -->
<testsuite hostname="TYSS-Praveen" failures="0" tests="1" name="zmypractice.Practice1" time="0.003" errors="0" timestamp="2023-06-07T12:18:31 IST" skipped="0">
  <testcase classname="zmypractice.Practice1" name="test1" time="0.003"/>
  <system-out>
    <![CDATA[test1]]>
  </system-out>
</testsuite> <!-- zmypractice.Practice1 -->
