<?xml version="1.0" encoding="UTF-8"?>
<!-- Generated by org.testng.reporters.JUnitReportReporter -->
<testsuite hostname="TYSS-Praveen" failures="0" tests="1" name="testcases.DWS_BooksTC" time="0.942" errors="0" timestamp="2023-06-15T17:00:28 IST" skipped="0">
  <testcase classname="testcases.DWS_BooksTC" name="books" time="0.942"/>
  <system-out/>
</testsuite> <!-- testcases.DWS_BooksTC -->
