<?xml version="1.0" encoding="UTF-8"?>
<!-- Generated by org.testng.reporters.JUnitReportReporter -->
<testsuite hostname="TYSS-Praveen" failures="0" tests="3" name="testng_basics.DWS_OrderOfExecution4" time="0.008" errors="0" timestamp="2023-06-01T14:47:33 IST" skipped="0">
  <testcase classname="testng_basics.DWS_OrderOfExecution4" name="searchTest" time="0.001"/>
  <system-out/>
  <testcase classname="testng_basics.DWS_OrderOfExecution4" name="loginTest" time="0.001"/>
  <system-out/>
  <testcase classname="testng_basics.DWS_OrderOfExecution4" name="registerTest" time="0.006"/>
  <system-out/>
</testsuite> <!-- testng_basics.DWS_OrderOfExecution4 -->
