<?xml version="1.0" encoding="UTF-8"?>
<!-- Generated by org.testng.reporters.JUnitReportReporter -->
<testsuite hostname="TYSS-Praveen" failures="0" tests="3" name="testng_basics.LoginTestDataProviderExcel" time="22.817" errors="0" timestamp="2023-06-09T14:33:51 IST" skipped="0">
  <testcase classname="testng_basics.LoginTestDataProviderExcel" name="loginTest" time="5.850"/>
  <system-out/>
  <testcase classname="testng_basics.LoginTestDataProviderExcel" name="loginTest" time="11.670"/>
  <system-out/>
  <testcase classname="testng_basics.LoginTestDataProviderExcel" name="loginTest" time="5.297"/>
  <system-out/>
</testsuite> <!-- testng_basics.LoginTestDataProviderExcel -->
