<?xml version="1.0" encoding="UTF-8"?>
<!-- Generated by org.testng.reporters.JUnitReportReporter -->
<testsuite hostname="TYSS-Praveen" failures="0" tests="2" name="testng_basics.Include1" time="0.008" errors="0" timestamp="2023-06-01T11:48:01 IST" skipped="0">
  <testcase classname="testng_basics.Include1" name="loginTest" time="0.000"/>
  <system-out/>
  <testcase classname="testng_basics.Include1" name="registerTest" time="0.008"/>
  <system-out/>
</testsuite> <!-- testng_basics.Include1 -->
