<?xml version="1.0" encoding="UTF-8"?>
<!-- Generated by org.testng.reporters.JUnitReportReporter -->
<testsuite hostname="TYSS-Praveen" failures="0" tests="1" name="zmypractice.Screenshot" time="4.438" errors="0" timestamp="2023-06-12T16:28:56 IST" skipped="0">
  <testcase classname="zmypractice.Screenshot" name="demoScreenShot" time="4.438"/>
  <system-out/>
</testsuite> <!-- zmypractice.Screenshot -->
