<?xml version="1.0" encoding="UTF-8"?>
<!-- Generated by org.testng.reporters.JUnitReportReporter -->
<testsuite hostname="TYSS-Praveen" failures="0" tests="2" name="testcases.DWS_SubscribeTC" time="0.252" errors="0" timestamp="2023-06-15T17:00:28 IST" skipped="0">
  <testcase classname="testcases.DWS_SubscribeTC" name="subscribe" time="0.136"/>
  <system-out/>
  <testcase classname="testcases.DWS_SubscribeTC" name="subscribe" time="0.116"/>
  <system-out/>
</testsuite> <!-- testcases.DWS_SubscribeTC -->
