<?xml version="1.0" encoding="UTF-8"?>
<!-- Generated by org.testng.reporters.JUnitReportReporter -->
<testsuite hostname="TYSS-Praveen" failures="0" tests="2" name="testng_basics.Groups2" time="0.002" errors="0" timestamp="2023-06-06T11:59:10 IST" skipped="0">
  <testcase classname="testng_basics.Groups2" name="subscribeTest" time="0.000"/>
  <system-out/>
  <testcase classname="testng_basics.Groups2" name="voteTest" time="0.002"/>
  <system-out/>
</testsuite> <!-- testng_basics.Groups2 -->
