<?xml version="1.0" encoding="UTF-8"?>
<!-- Generated by org.testng.reporters.JUnitReportReporter -->
<testsuite hostname="TYSS-Praveen" failures="0" tests="2" name="testng_basics.ConfigurationAnnotations" time="0.009" errors="0" timestamp="2023-06-01T12:53:14 IST" skipped="0">
  <testcase classname="testng_basics.ConfigurationAnnotations" name="demoTest1" time="0.007"/>
  <system-out/>
  <testcase classname="testng_basics.ConfigurationAnnotations" name="demoTest2" time="0.002"/>
  <system-out/>
</testsuite> <!-- testng_basics.ConfigurationAnnotations -->
