<?xml version="1.0" encoding="UTF-8"?>
<!-- Generated by org.testng.reporters.JUnitReportReporter -->
<testsuite hostname="TYSS-Praveen" failures="0" tests="1" name="testng_basics.LearningSoftAssert3" time="5.886" errors="0" timestamp="2023-06-12T16:11:37 IST" skipped="0">
  <testcase classname="testng_basics.LearningSoftAssert3" name="demoHardAssert" time="5.886"/>
  <system-out/>
</testsuite> <!-- testng_basics.LearningSoftAssert3 -->
