<?xml version="1.0" encoding="UTF-8"?>
<!-- Generated by org.testng.reporters.JUnitReportReporter -->
<testsuite hostname="TYSS-Praveen" failures="0" tests="2" name="testcases.DWS_Computers_SortbyTC" time="2.345" errors="0" timestamp="2023-06-15T17:00:28 IST" skipped="0">
  <testcase classname="testcases.DWS_Computers_SortbyTC" name="mouseHover" time="1.475"/>
  <system-out/>
  <testcase classname="testcases.DWS_Computers_SortbyTC" name="mouseHover" time="0.870"/>
  <system-out/>
</testsuite> <!-- testcases.DWS_Computers_SortbyTC -->
