<?xml version="1.0" encoding="UTF-8"?>
<!-- Generated by org.testng.reporters.JUnitReportReporter -->
<testsuite hostname="TYSS-Praveen" failures="0" tests="1" name="testng_basics.Parameters1" time="4.457" errors="0" timestamp="2023-06-02T12:32:28 IST" skipped="0">
  <testcase classname="testng_basics.Parameters1" name="parameter_demo" time="4.457"/>
  <system-out/>
</testsuite> <!-- testng_basics.Parameters1 -->
