<?xml version="1.0" encoding="UTF-8"?>
<!-- Generated by org.testng.reporters.JUnitReportReporter -->
<testsuite hostname="TYSS-Praveen" failures="0" tests="3" name="testng_basics.Exclude1" time="0.009" errors="0" timestamp="2023-06-01T11:50:13 IST" skipped="0">
  <testcase classname="testng_basics.Exclude1" name="registerTest" time="0.001"/>
  <system-out/>
  <testcase classname="testng_basics.Exclude1" name="searchTest" time="0.001"/>
  <system-out/>
  <testcase classname="testng_basics.Exclude1" name="loginTest" time="0.007"/>
  <system-out/>
</testsuite> <!-- testng_basics.Exclude1 -->
