<?xml version="1.0" encoding="UTF-8"?>
<!-- Generated by org.testng.reporters.JUnitReportReporter -->
<testsuite hostname="TYSS-Praveen" failures="0" tests="1" name="testng_basics.LearningHardAssert" time="4.094" errors="0" timestamp="2023-06-12T11:18:18 IST" skipped="0">
  <testcase classname="testng_basics.LearningHardAssert" name="demoHardAssert" time="4.094"/>
  <system-out/>
</testsuite> <!-- testng_basics.LearningHardAssert -->
