<?xml version="1.0" encoding="UTF-8"?>
<!-- Generated by org.testng.reporters.JUnitReportReporter -->
<testsuite hostname="TYSS-Praveen" failures="0" tests="3" name="testcases.DWS_SearchTC" time="2.478" errors="0" timestamp="2023-06-15T17:00:28 IST" skipped="0">
  <testcase classname="testcases.DWS_SearchTC" name="search" time="0.966"/>
  <system-out/>
  <testcase classname="testcases.DWS_SearchTC" name="search" time="0.824"/>
  <system-out/>
  <testcase classname="testcases.DWS_SearchTC" name="search" time="0.688"/>
  <system-out/>
</testsuite> <!-- testcases.DWS_SearchTC -->
